<?xml version="1.0"?>
<testsuite name="HeadlessChrome 91.0.4472 (Mac OS X 10.15.7)" package="" timestamp="2021-06-27T04:07:01" id="0" hostname="FVFWW2GYHV2H" tests="4" errors="0" failures="0" time="0.211">
  <properties>
    <property name="browser.fullName" value="Mozilla/5.0 (Macintosh; Intel Mac OS X 10_15_7) AppleWebKit/537.36 (KHTML, like Gecko) HeadlessChrome/91.0.4472.114 Safari/537.36"/>
  </properties>
  <testcase name="AppComponent should create the app" time="0.053" classname="AppComponent"/>
  <testcase name="AppComponent should check if the app title is present" time="0.034" classname="AppComponent"/>
  <testcase name="GroceryDetailComponent should create component" time="0.052" classname="GroceryDetailComponent"/>
  <testcase name="GrocerySearchComponent should create component" time="0.072" classname="GrocerySearchComponent"/>
  <system-out>
    <![CDATA[
]]>
  </system-out>
  <system-err/>
</testsuite>